<?xml version="1.0" encoding="UTF-8"?>
<coverage generated="1677833701413" clover="3.2.0">
  <project timestamp="1677833701413" name="All files">
    <metrics statements="18" coveredstatements="17" conditionals="6" coveredconditionals="4" methods="4" coveredmethods="4" elements="28" coveredelements="25" complexity="0" loc="18" ncloc="18" packages="1" files="2" classes="2"/>
    <file name="editTodo.js" path="C:\Users\Ese\Desktop\jest\src\editTodo.js">
      <metrics statements="9" coveredstatements="9" conditionals="0" coveredconditionals="0" methods="3" coveredmethods="3"/>
      <line num="2" count="1" type="stmt"/>
      <line num="3" count="1" type="stmt"/>
      <line num="4" count="1" type="stmt"/>
      <line num="5" count="1" type="stmt"/>
      <line num="6" count="2" type="stmt"/>
      <line num="7" count="1" type="stmt"/>
      <line num="8" count="1" type="stmt"/>
      <line num="9" count="1" type="stmt"/>
      <line num="14" count="1" type="stmt"/>
    </file>
    <file name="updateTodo.js" path="C:\Users\Ese\Desktop\jest\src\updateTodo.js">
      <metrics statements="9" coveredstatements="8" conditionals="6" coveredconditionals="4" methods="1" coveredmethods="1"/>
      <line num="2" count="3" type="stmt"/>
      <line num="3" count="3" type="cond" truecount="1" falsecount="1"/>
      <line num="4" count="3" type="stmt"/>
      <line num="6" count="3" type="cond" truecount="1" falsecount="1"/>
      <line num="7" count="0" type="stmt"/>
      <line num="8" count="3" type="cond" truecount="2" falsecount="0"/>
      <line num="9" count="2" type="stmt"/>
      <line num="11" count="3" type="stmt"/>
      <line num="14" count="1" type="stmt"/>
    </file>
  </project>
</coverage>
